<?xml version="1.0" encoding="UTF-8"?>
<testsuite name="com.example.up.domain.use_case.SaveNoteUseCaseTest" tests="2" skipped="0" failures="0" errors="0" timestamp="2026-08-28T22:29:34.494Z" hostname="archlinux" time="1.99">
  <properties/>
  <testcase name="should create new note()" classname="com.example.up.domain.use_case.SaveNoteUseCaseTest" time="0.554"/>
  <testcase name="should update note()" classname="com.example.up.domain.use_case.SaveNoteUseCaseTest" time="0.015"/>
  <system-out><![CDATA[]]></system-out>
  <system-err><![CDATA[SLF4J(W): No SLF4J providers were found.
SLF4J(W): Defaulting to no-operation (NOP) logger implementation
SLF4J(W): See https://www.slf4j.org/codes.html#noProviders for further details.
WARNING: A Java agent has been loaded dynamically (/home/cqr/.gradle/caches/modules-2/files-2.1/net.bytebuddy/byte-buddy-agent/1.18.2/62f38a6faf7f069d661b79a07d566f504b0b20c4/byte-buddy-agent-1.18.2.jar)
WARNING: If a serviceability tool is in use, please run with -XX:+EnableDynamicAgentLoading to hide this warning
WARNING: If a serviceability tool is not in use, please run with -Djdk.instrument.traceUsage for more information
WARNING: Dynamic loading of agents will be disallowed by default in a future release
]]></system-err>
</testsuite>
